<html>
<head>
<title>TestNG:  Default test</title>
<link href="../testng.css" rel="stylesheet" type="text/css" />
<link href="../my-testng.css" rel="stylesheet" type="text/css" />

<style type="text/css">
.log { display: none;} 
.stack-trace { display: none;} 
</style>
<script type="text/javascript">
<!--
function flip(e) {
  current = e.style.display;
  if (current == 'block') {
    e.style.display = 'none';
    return 0;
  }
  else {
    e.style.display = 'block';
    return 1;
  }
}

function toggleBox(szDivId, elem, msg1, msg2)
{
  var res = -1;  if (document.getElementById) {
    res = flip(document.getElementById(szDivId));
  }
  else if (document.all) {
    // this is the way old msie versions work
    res = flip(document.all[szDivId]);
  }
  if(elem) {
    if(res == 0) elem.innerHTML = msg1; else elem.innerHTML = msg2;
  }

}

function toggleAllBoxes() {
  if (document.getElementsByTagName) {
    d = document.getElementsByTagName('div');
    for (i = 0; i < d.length; i++) {
      if (d[i].className == 'log') {
        flip(d[i]);
      }
    }
  }
}

// -->
</script>

</head>
<body>
<h2 align='center'>Default test</h2><table border='1' align="center">
<tr>
<td>Tests passed/Failed/Skipped:</td><td>24/2/0</td>
</tr><tr>
<td>Started on:</td><td>Wed Feb 05 18:56:37 EST 2025</td>
</tr>
<tr><td>Total time:</td><td>243 seconds (243859 ms)</td>
</tr><tr>
<td>Included groups:</td><td></td>
</tr><tr>
<td>Excluded groups:</td><td></td>
</tr>
</table><p/>
<small><i>(Hover the method name to see the test class name)</i></small><p/>
<table width='100%' border='1' class='invocation-failed'>
<tr><td colspan='4' align='center'><b>FAILED TESTS</b></td></tr>
<tr><td><b>Test method</b></td>
<td><b>Attribute(s)</b></td>
<td width="30%"><b>Exception</b></td>
<td width="10%"><b>Time (seconds)</b></td>
<td><b>Instance</b></td>
</tr>
<tr>
<td title='ananthuProject.Test.BookStoreHome.goToCategory()'><b>goToCategory</b><br>Test class: ananthuProject.Test.BookStoreHome<br>Parameters: Nonfiction, Art and Photography</td>
<td><div><pre>java.lang.NullPointerException: Cannot invoke &quot;org.openqa.selenium.WebElement.click()&quot; because &quot;selectSubCategory&quot; is null
	at ananthuProject.PageObjects.SelectCategory.SelectSubCat(SelectCategory.java:44)
	at ananthuProject.Test.BookStoreHome.goToCategory(BookStoreHome.java:52)
	at java.base/jdk.internal.reflect.DirectMethodHandleAccessor.invoke(DirectMethodHandleAccessor.java:103)
	at java.base/java.lang.reflect.Method.invoke(Method.java:580)
	at org.testng.internal.invokers.MethodInvocationHelper.invokeMethod(MethodInvocationHelper.java:141)
	at org.testng.internal.invokers.TestInvoker.invokeMethod(TestInvoker.java:686)
	at org.testng.internal.invokers.TestInvoker.invokeTestMethod(TestInvoker.java:230)
	at org.testng.internal.invokers.MethodRunner.runInSequence(MethodRunner.java:63)
	at org.testng.internal.invokers.TestInvoker$MethodInvocationAgent.invoke(TestInvoker.java:992)
	at org.testng.internal.invokers.TestInvoker.invokeTestMethods(TestInvoker.java:203)
	at org.testng.internal.invokers.TestMethodWorker.invokeTestMethods(TestMethodWorker.java:154)
	at org.testng.internal.invokers.TestMethodWorker.run(TestMethodWorker.java:134)
	at java.base/java.util.ArrayList.forEach(ArrayList.java:1596)
	at org.testng.TestRunner.privateRun(TestRunner.java:739)
	at org.testng.TestRunner.run(TestRunner.java:614)
	at org.testng.SuiteRunner.runTest(SuiteRunner.java:421)
	at org.testng.SuiteRunner.runSequentially(SuiteRunner.java:413)
	at org.testng.SuiteRunner.privateRun(SuiteRunner.java:373)
	at org.testng.SuiteRunner.run(SuiteRunner.java:312)
	at org.testng.SuiteRunnerWorker.runSuite(SuiteRunnerWorker.java:52)
	at org.testng.SuiteRunnerWorker.run(SuiteRunnerWorker.java:95)
	at org.testng.TestNG.runSuitesSequentially(TestNG.java:1274)
	at org.testng.TestNG.runSuitesLocally(TestNG.java:1208)
	at org.testng.TestNG.runSuites(TestNG.java:1112)
	at org.testng.TestNG.run(TestNG.java:1079)
	at org.testng.remote.AbstractRemoteTestNG.run(AbstractRemoteTestNG.java:115)
	at org.testng.remote.RemoteTestNG.initAndRun(RemoteTestNG.java:293)
	at org.testng.remote.RemoteTestNG.main(RemoteTestNG.java:91)
</pre></div><a href='#' onClick='toggleBox("stack-trace1783146483", this, "Click to show all stack frames", "Click to hide stack frames")'>Click to show all stack frames</a>
<div class='stack-trace' id='stack-trace1783146483'><pre>java.lang.NullPointerException: Cannot invoke &quot;org.openqa.selenium.WebElement.click()&quot; because &quot;selectSubCategory&quot; is null
	at ananthuProject.PageObjects.SelectCategory.SelectSubCat(SelectCategory.java:44)
	at ananthuProject.Test.BookStoreHome.goToCategory(BookStoreHome.java:52)
	at java.base/jdk.internal.reflect.DirectMethodHandleAccessor.invoke(DirectMethodHandleAccessor.java:103)
	at java.base/java.lang.reflect.Method.invoke(Method.java:580)
	at org.testng.internal.invokers.MethodInvocationHelper.invokeMethod(MethodInvocationHelper.java:141)
	at org.testng.internal.invokers.TestInvoker.invokeMethod(TestInvoker.java:686)
	at org.testng.internal.invokers.TestInvoker.invokeTestMethod(TestInvoker.java:230)
	at org.testng.internal.invokers.MethodRunner.runInSequence(MethodRunner.java:63)
	at org.testng.internal.invokers.TestInvoker$MethodInvocationAgent.invoke(TestInvoker.java:992)
	at org.testng.internal.invokers.TestInvoker.invokeTestMethods(TestInvoker.java:203)
	at org.testng.internal.invokers.TestMethodWorker.invokeTestMethods(TestMethodWorker.java:154)
	at org.testng.internal.invokers.TestMethodWorker.run(TestMethodWorker.java:134)
	at java.base/java.util.ArrayList.forEach(ArrayList.java:1596)
	at org.testng.TestRunner.privateRun(TestRunner.java:739)
	at org.testng.TestRunner.run(TestRunner.java:614)
	at org.testng.SuiteRunner.runTest(SuiteRunner.java:421)
	at org.testng.SuiteRunner.runSequentially(SuiteRunner.java:413)
	at org.testng.SuiteRunner.privateRun(SuiteRunner.java:373)
	at org.testng.SuiteRunner.run(SuiteRunner.java:312)
	at org.testng.SuiteRunnerWorker.runSuite(SuiteRunnerWorker.java:52)
	at org.testng.SuiteRunnerWorker.run(SuiteRunnerWorker.java:95)
	at org.testng.TestNG.runSuitesSequentially(TestNG.java:1274)
	at org.testng.TestNG.runSuitesLocally(TestNG.java:1208)
	at org.testng.TestNG.runSuites(TestNG.java:1112)
	at org.testng.TestNG.run(TestNG.java:1079)
	at org.testng.remote.AbstractRemoteTestNG.run(AbstractRemoteTestNG.java:115)
	at org.testng.remote.RemoteTestNG.initAndRun(RemoteTestNG.java:293)
	at org.testng.remote.RemoteTestNG.main(RemoteTestNG.java:91)
</pre></div></td>
<td>7</td>
<td>ananthuProject.Test.BookStoreHome@740fb309</td></tr>
<tr>
<td title='ananthuProject.Test.BookStoreHome.goToCategory()'><b>goToCategory</b><br>Test class: ananthuProject.Test.BookStoreHome<br>Parameters: Nonfiction, House and Home</td>
<td><div><pre>org.openqa.selenium.StaleElementReferenceException: stale element reference: stale element not found
  (Session info: chrome=114.0.5735.110)
For documentation on this error, please visit: https://www.selenium.dev/documentation/webdriver/troubleshooting/errors#stale-element-reference-exception
Build info: version: &apos;4.27.0&apos;, revision: &apos;d6e718d134&apos;
System info: os.name: &apos;Windows 11&apos;, os.arch: &apos;amd64&apos;, os.version: &apos;10.0&apos;, java.version: &apos;21.0.4&apos;
Driver info: org.openqa.selenium.chrome.ChromeDriver
Command: [044b71a1aee00ec0d627418d256e59fc, getElementText {id=5AF1CAF275B8A614937DF07FFB2945AB_element_149}]
Capabilities {acceptInsecureCerts: false, browserName: chrome, browserVersion: 114.0.5735.110, chrome: {chromedriverVersion: 114.0.5735.90 (386bc09e8f4f..., userDataDir: C:\Users\gopik\AppData\Loca...}, goog:chromeOptions: {debuggerAddress: localhost:9583}, networkConnectionEnabled: false, pageLoadStrategy: normal, platformName: windows, proxy: Proxy(), se:cdp: ws://localhost:9583/devtool..., se:cdpVersion: 114.0.5735.110, setWindowRect: true, strictFileInteractability: false, timeouts: {implicit: 0, pageLoad: 300000, script: 30000}, unhandledPromptBehavior: dismiss and notify, webauthn:extension:credBlob: true, webauthn:extension:largeBlob: true, webauthn:extension:minPinLength: true, webauthn:extension:prf: true, webauthn:virtualAuthenticators: true}
Element: [[ChromeDriver: chrome on windows (044b71a1aee00ec0d627418d256e59fc)] -&gt; xpath: //div[@class=&apos;builder-blocks css-h47494&apos;]/div/a]
Session ID: 044b71a1aee00ec0d627418d256e59fc
	at java.base/jdk.internal.reflect.DirectConstructorHandleAccessor.newInstance(DirectConstructorHandleAccessor.java:62)
	at java.base/java.lang.reflect.Constructor.newInstanceWithCaller(Constructor.java:502)
	at java.base/java.lang.reflect.Constructor.newInstance(Constructor.java:486)
	at org.openqa.selenium.remote.ErrorCodec.decode(ErrorCodec.java:167)
	at org.openqa.selenium.remote.codec.w3c.W3CHttpResponseCodec.decode(W3CHttpResponseCodec.java:138)
	at org.openqa.selenium.remote.codec.w3c.W3CHttpResponseCodec.decode(W3CHttpResponseCodec.java:50)
	at org.openqa.selenium.remote.HttpCommandExecutor.execute(HttpCommandExecutor.java:190)
	at org.openqa.selenium.remote.service.DriverCommandExecutor.invokeExecute(DriverCommandExecutor.java:216)
	at org.openqa.selenium.remote.service.DriverCommandExecutor.execute(DriverCommandExecutor.java:174)
	at org.openqa.selenium.remote.RemoteWebDriver.execute(RemoteWebDriver.java:545)
	at org.openqa.selenium.remote.RemoteWebElement.execute(RemoteWebElement.java:223)
	at org.openqa.selenium.remote.RemoteWebElement.getText(RemoteWebElement.java:191)
	at ananthuProject.PageObjects.SelectCategory.lambda$0(SelectCategory.java:34)
	at java.base/java.util.stream.ReferencePipeline$2$1.accept(ReferencePipeline.java:178)
	at java.base/java.util.ArrayList$ArrayListSpliterator.tryAdvance(ArrayList.java:1685)
	at java.base/java.util.stream.ReferencePipeline.forEachWithCancel(ReferencePipeline.java:129)
	at java.base/java.util.stream.AbstractPipeline.copyIntoWithCancel(AbstractPipeline.java:527)
	at java.base/java.util.stream.AbstractPipeline.copyInto(AbstractPipeline.java:513)
	at java.base/java.util.stream.AbstractPipeline.wrapAndCopyInto(AbstractPipeline.java:499)
	at java.base/java.util.stream.FindOps$FindOp.evaluateSequential(FindOps.java:150)
	at java.base/java.util.stream.AbstractPipeline.evaluate(AbstractPipeline.java:234)
	at java.base/java.util.stream.ReferencePipeline.findFirst(ReferencePipeline.java:647)
	at ananthuProject.PageObjects.SelectCategory.SelectSubCat(SelectCategory.java:34)
	at ananthuProject.Test.BookStoreHome.goToCategory(BookStoreHome.java:52)
	at java.base/jdk.internal.reflect.DirectMethodHandleAccessor.invoke(DirectMethodHandleAccessor.java:103)
	at java.base/java.lang.reflect.Method.invoke(Method.java:580)
	at org.testng.internal.invokers.MethodInvocationHelper.invokeMethod(MethodInvocationHelper.java:141)
	at org.testng.internal.invokers.TestInvoker.invokeMethod(TestInvoker.java:686)
	at org.testng.internal.invokers.TestInvoker.invokeTestMethod(TestInvoker.java:230)
	at org.testng.internal.invokers.MethodRunner.runInSequence(MethodRunner.java:63)
	at org.testng.internal.invokers.TestInvoker$MethodInvocationAgent.invoke(TestInvoker.java:992)
	at org.testng.internal.invokers.TestInvoker.invokeTestMethods(TestInvoker.java:203)
	at org.testng.internal.invokers.TestMethodWorker.invokeTestMethods(TestMethodWorker.java:154)
	at org.testng.internal.invokers.TestMethodWorker.run(TestMethodWorker.java:134)
	at java.base/java.util.ArrayList.forEach(ArrayList.java:1596)
	at org.testng.TestRunner.privateRun(TestRunner.java:739)
	at org.testng.TestRunner.run(TestRunner.java:614)
	at org.testng.SuiteRunner.runTest(SuiteRunner.java:421)
	at org.testng.SuiteRunner.runSequentially(SuiteRunner.java:413)
	at org.testng.SuiteRunner.privateRun(SuiteRunner.java:373)
	at org.testng.SuiteRunner.run(SuiteRunner.java:312)
	at org.testng.SuiteRunnerWorker.runSuite(SuiteRunnerWorker.java:52)
	at org.testng.SuiteRunnerWorker.run(SuiteRunnerWorker.java:95)
	at org.testng.TestNG.runSuitesSequentially(TestNG.java:1274)
	at org.testng.TestNG.runSuitesLocally(TestNG.java:1208)
	at org.testng.TestNG.runSuites(TestNG.java:1112)
	at org.testng.TestNG.run(TestNG.java:1079)
	at org.testng.remote.AbstractRemoteTestNG.run(AbstractRemoteTestNG.java:115)
	at org.testng.remote.RemoteTestNG.initAndRun(RemoteTestNG.java:293)
	at org.testng.remote.RemoteTestNG.main(RemoteTestNG.java:91)
</pre></div><a href='#' onClick='toggleBox("stack-trace279544722", this, "Click to show all stack frames", "Click to hide stack frames")'>Click to show all stack frames</a>
<div class='stack-trace' id='stack-trace279544722'><pre>org.openqa.selenium.StaleElementReferenceException: stale element reference: stale element not found
  (Session info: chrome=114.0.5735.110)
For documentation on this error, please visit: https://www.selenium.dev/documentation/webdriver/troubleshooting/errors#stale-element-reference-exception
Build info: version: &apos;4.27.0&apos;, revision: &apos;d6e718d134&apos;
System info: os.name: &apos;Windows 11&apos;, os.arch: &apos;amd64&apos;, os.version: &apos;10.0&apos;, java.version: &apos;21.0.4&apos;
Driver info: org.openqa.selenium.chrome.ChromeDriver
Command: [044b71a1aee00ec0d627418d256e59fc, getElementText {id=5AF1CAF275B8A614937DF07FFB2945AB_element_149}]
Capabilities {acceptInsecureCerts: false, browserName: chrome, browserVersion: 114.0.5735.110, chrome: {chromedriverVersion: 114.0.5735.90 (386bc09e8f4f..., userDataDir: C:\Users\gopik\AppData\Loca...}, goog:chromeOptions: {debuggerAddress: localhost:9583}, networkConnectionEnabled: false, pageLoadStrategy: normal, platformName: windows, proxy: Proxy(), se:cdp: ws://localhost:9583/devtool..., se:cdpVersion: 114.0.5735.110, setWindowRect: true, strictFileInteractability: false, timeouts: {implicit: 0, pageLoad: 300000, script: 30000}, unhandledPromptBehavior: dismiss and notify, webauthn:extension:credBlob: true, webauthn:extension:largeBlob: true, webauthn:extension:minPinLength: true, webauthn:extension:prf: true, webauthn:virtualAuthenticators: true}
Element: [[ChromeDriver: chrome on windows (044b71a1aee00ec0d627418d256e59fc)] -&gt; xpath: //div[@class=&apos;builder-blocks css-h47494&apos;]/div/a]
Session ID: 044b71a1aee00ec0d627418d256e59fc
	at java.base/jdk.internal.reflect.DirectConstructorHandleAccessor.newInstance(DirectConstructorHandleAccessor.java:62)
	at java.base/java.lang.reflect.Constructor.newInstanceWithCaller(Constructor.java:502)
	at java.base/java.lang.reflect.Constructor.newInstance(Constructor.java:486)
	at org.openqa.selenium.remote.ErrorCodec.decode(ErrorCodec.java:167)
	at org.openqa.selenium.remote.codec.w3c.W3CHttpResponseCodec.decode(W3CHttpResponseCodec.java:138)
	at org.openqa.selenium.remote.codec.w3c.W3CHttpResponseCodec.decode(W3CHttpResponseCodec.java:50)
	at org.openqa.selenium.remote.HttpCommandExecutor.execute(HttpCommandExecutor.java:190)
	at org.openqa.selenium.remote.service.DriverCommandExecutor.invokeExecute(DriverCommandExecutor.java:216)
	at org.openqa.selenium.remote.service.DriverCommandExecutor.execute(DriverCommandExecutor.java:174)
	at org.openqa.selenium.remote.RemoteWebDriver.execute(RemoteWebDriver.java:545)
	at org.openqa.selenium.remote.RemoteWebElement.execute(RemoteWebElement.java:223)
	at org.openqa.selenium.remote.RemoteWebElement.getText(RemoteWebElement.java:191)
	at ananthuProject.PageObjects.SelectCategory.lambda$0(SelectCategory.java:34)
	at java.base/java.util.stream.ReferencePipeline$2$1.accept(ReferencePipeline.java:178)
	at java.base/java.util.ArrayList$ArrayListSpliterator.tryAdvance(ArrayList.java:1685)
	at java.base/java.util.stream.ReferencePipeline.forEachWithCancel(ReferencePipeline.java:129)
	at java.base/java.util.stream.AbstractPipeline.copyIntoWithCancel(AbstractPipeline.java:527)
	at java.base/java.util.stream.AbstractPipeline.copyInto(AbstractPipeline.java:513)
	at java.base/java.util.stream.AbstractPipeline.wrapAndCopyInto(AbstractPipeline.java:499)
	at java.base/java.util.stream.FindOps$FindOp.evaluateSequential(FindOps.java:150)
	at java.base/java.util.stream.AbstractPipeline.evaluate(AbstractPipeline.java:234)
	at java.base/java.util.stream.ReferencePipeline.findFirst(ReferencePipeline.java:647)
	at ananthuProject.PageObjects.SelectCategory.SelectSubCat(SelectCategory.java:34)
	at ananthuProject.Test.BookStoreHome.goToCategory(BookStoreHome.java:52)
	at java.base/jdk.internal.reflect.DirectMethodHandleAccessor.invoke(DirectMethodHandleAccessor.java:103)
	at java.base/java.lang.reflect.Method.invoke(Method.java:580)
	at org.testng.internal.invokers.MethodInvocationHelper.invokeMethod(MethodInvocationHelper.java:141)
	at org.testng.internal.invokers.TestInvoker.invokeMethod(TestInvoker.java:686)
	at org.testng.internal.invokers.TestInvoker.invokeTestMethod(TestInvoker.java:230)
	at org.testng.internal.invokers.MethodRunner.runInSequence(MethodRunner.java:63)
	at org.testng.internal.invokers.TestInvoker$MethodInvocationAgent.invoke(TestInvoker.java:992)
	at org.testng.internal.invokers.TestInvoker.invokeTestMethods(TestInvoker.java:203)
	at org.testng.internal.invokers.TestMethodWorker.invokeTestMethods(TestMethodWorker.java:154)
	at org.testng.internal.invokers.TestMethodWorker.run(TestMethodWorker.java:134)
	at java.base/java.util.ArrayList.forEach(ArrayList.java:1596)
	at org.testng.TestRunner.privateRun(TestRunner.java:739)
	at org.testng.TestRunner.run(TestRunner.java:614)
	at org.testng.SuiteRunner.runTest(SuiteRunner.java:421)
	at org.testng.SuiteRunner.runSequentially(SuiteRunner.java:413)
	at org.testng.SuiteRunner.privateRun(SuiteRunner.java:373)
	at org.testng.SuiteRunner.run(SuiteRunner.java:312)
	at org.testng.SuiteRunnerWorker.runSuite(SuiteRunnerWorker.java:52)
	at org.testng.SuiteRunnerWorker.run(SuiteRunnerWorker.java:95)
	at org.testng.TestNG.runSuitesSequentially(TestNG.java:1274)
	at org.testng.TestNG.runSuitesLocally(TestNG.java:1208)
	at org.testng.TestNG.runSuites(TestNG.java:1112)
	at org.testng.TestNG.run(TestNG.java:1079)
	at org.testng.remote.AbstractRemoteTestNG.run(AbstractRemoteTestNG.java:115)
	at org.testng.remote.RemoteTestNG.initAndRun(RemoteTestNG.java:293)
	at org.testng.remote.RemoteTestNG.main(RemoteTestNG.java:91)
</pre></div></td>
<td>3</td>
<td>ananthuProject.Test.BookStoreHome@740fb309</td></tr>
</table><p>
<table width='100%' border='1' class='invocation-passed'>
<tr><td colspan='4' align='center'><b>PASSED TESTS</b></td></tr>
<tr><td><b>Test method</b></td>
<td><b>Attribute(s)</b></td>
<td width="30%"><b>Exception</b></td>
<td width="10%"><b>Time (seconds)</b></td>
<td><b>Instance</b></td>
</tr>
<tr>
<td title='ananthuProject.Test.BookStoreHome.goToCategory()'><b>goToCategory</b><br>Test class: ananthuProject.Test.BookStoreHome<br>Parameters: Nonfiction, Self-Help and Relationships</td>
<td></td>
<td>5</td>
<td>ananthuProject.Test.BookStoreHome@740fb309</td></tr>
<tr>
<td title='ananthuProject.Test.BookStoreHome.goToCategory()'><b>goToCategory</b><br>Test class: ananthuProject.Test.BookStoreHome<br>Parameters: Nonfiction, Cooking, Food and Drink</td>
<td></td>
<td>4</td>
<td>ananthuProject.Test.BookStoreHome@740fb309</td></tr>
<tr>
<td title='ananthuProject.Test.BookStoreHome.goToCategory()'><b>goToCategory</b><br>Test class: ananthuProject.Test.BookStoreHome<br>Parameters: Nonfiction, Trending on #BookTok</td>
<td></td>
<td>3</td>
<td>ananthuProject.Test.BookStoreHome@740fb309</td></tr>
<tr>
<td title='ananthuProject.Test.BookStoreHome.goToCategory()'><b>goToCategory</b><br>Test class: ananthuProject.Test.BookStoreHome<br>Parameters: Nonfiction, Biography and Memoir</td>
<td></td>
<td>4</td>
<td>ananthuProject.Test.BookStoreHome@740fb309</td></tr>
<tr>
<td title='ananthuProject.Test.BookStoreHome.goToCategory()'><b>goToCategory</b><br>Test class: ananthuProject.Test.BookStoreHome<br>Parameters: Nonfiction, Celebrity Book Club Picks</td>
<td></td>
<td>5</td>
<td>ananthuProject.Test.BookStoreHome@740fb309</td></tr>
<tr>
<td title='ananthuProject.Test.BookStoreHome.goToCategory()'><b>goToCategory</b><br>Test class: ananthuProject.Test.BookStoreHome<br>Parameters: Nonfiction, Health and Wellness</td>
<td></td>
<td>4</td>
<td>ananthuProject.Test.BookStoreHome@740fb309</td></tr>
<tr>
<td title='ananthuProject.Test.BookStoreHome.goToCategory()'><b>goToCategory</b><br>Test class: ananthuProject.Test.BookStoreHome<br>Parameters: Nonfiction, True Crime</td>
<td></td>
<td>4</td>
<td>ananthuProject.Test.BookStoreHome@740fb309</td></tr>
<tr>
<td title='ananthuProject.Test.BookStoreHome.goToCategory()'><b>goToCategory</b><br>Test class: ananthuProject.Test.BookStoreHome<br>Parameters: Nonfiction, Business</td>
<td></td>
<td>2</td>
<td>ananthuProject.Test.BookStoreHome@740fb309</td></tr>
<tr>
<td title='ananthuProject.Test.BookStoreHome.goToCategory()'><b>goToCategory</b><br>Test class: ananthuProject.Test.BookStoreHome<br>Parameters: Nonfiction, Book-to-Screen Adaptations</td>
<td></td>
<td>4</td>
<td>ananthuProject.Test.BookStoreHome@740fb309</td></tr>
<tr>
<td title='ananthuProject.Test.BookStoreHome.goToCategory()'><b>goToCategory</b><br>Test class: ananthuProject.Test.BookStoreHome<br>Parameters: Nonfiction, Religion and Spirituality</td>
<td></td>
<td>4</td>
<td>ananthuProject.Test.BookStoreHome@740fb309</td></tr>
<tr>
<td title='ananthuProject.Test.BookStoreHome.goToCategory()'><b>goToCategory</b><br>Test class: ananthuProject.Test.BookStoreHome<br>Parameters: Nonfiction, Psychology</td>
<td></td>
<td>4</td>
<td>ananthuProject.Test.BookStoreHome@740fb309</td></tr>
<tr>
<td title='ananthuProject.Test.BookStoreHome.goToCategory()'><b>goToCategory</b><br>Test class: ananthuProject.Test.BookStoreHome<br>Parameters: Nonfiction, View All Nonfiction</td>
<td></td>
<td>5</td>
<td>ananthuProject.Test.BookStoreHome@740fb309</td></tr>
<tr>
<td title='ananthuProject.Test.BookStoreHome.goToCategory()'><b>goToCategory</b><br>Test class: ananthuProject.Test.BookStoreHome<br>Parameters: Nonfiction, Crafts and Hobbies</td>
<td></td>
<td>2</td>
<td>ananthuProject.Test.BookStoreHome@740fb309</td></tr>
<tr>
<td title='ananthuProject.Test.BookStoreHome.goToCategory()'><b>goToCategory</b><br>Test class: ananthuProject.Test.BookStoreHome<br>Parameters: Nonfiction, History and Geography</td>
<td></td>
<td>4</td>
<td>ananthuProject.Test.BookStoreHome@740fb309</td></tr>
<tr>
<td title='ananthuProject.Test.BookStoreHome.goToCategory()'><b>goToCategory</b><br>Test class: ananthuProject.Test.BookStoreHome<br>Parameters: Nonfiction, Nature</td>
<td></td>
<td>4</td>
<td>ananthuProject.Test.BookStoreHome@740fb309</td></tr>
<tr>
<td title='ananthuProject.Test.BookStoreHome.goToCategory()'><b>goToCategory</b><br>Test class: ananthuProject.Test.BookStoreHome<br>Parameters: Nonfiction, Science and Technology</td>
<td></td>
<td>4</td>
<td>ananthuProject.Test.BookStoreHome@740fb309</td></tr>
<tr>
<td title='ananthuProject.Test.BookStoreHome.goToCategory()'><b>goToCategory</b><br>Test class: ananthuProject.Test.BookStoreHome<br>Parameters: Nonfiction, Recently Published</td>
<td></td>
<td>3</td>
<td>ananthuProject.Test.BookStoreHome@740fb309</td></tr>
<tr>
<td title='ananthuProject.Test.BookStoreHome.goToCategory()'><b>goToCategory</b><br>Test class: ananthuProject.Test.BookStoreHome<br>Parameters: Nonfiction, New Age</td>
<td></td>
<td>4</td>
<td>ananthuProject.Test.BookStoreHome@740fb309</td></tr>
<tr>
<td title='ananthuProject.Test.BookStoreHome.goToCategory()'><b>goToCategory</b><br>Test class: ananthuProject.Test.BookStoreHome<br>Parameters: Nonfiction, Popular Nonfiction</td>
<td></td>
<td>3</td>
<td>ananthuProject.Test.BookStoreHome@740fb309</td></tr>
<tr>
<td title='ananthuProject.Test.BookStoreHome.goToCategory()'><b>goToCategory</b><br>Test class: ananthuProject.Test.BookStoreHome<br>Parameters: Nonfiction, New York Times Best Sellers</td>
<td></td>
<td>3</td>
<td>ananthuProject.Test.BookStoreHome@740fb309</td></tr>
<tr>
<td title='ananthuProject.Test.BookStoreHome.goToCategory()'><b>goToCategory</b><br>Test class: ananthuProject.Test.BookStoreHome<br>Parameters: Nonfiction, Coffee Table Books</td>
<td></td>
<td>4</td>
<td>ananthuProject.Test.BookStoreHome@740fb309</td></tr>
<tr>
<td title='ananthuProject.Test.BookStoreHome.goToCategory()'><b>goToCategory</b><br>Test class: ananthuProject.Test.BookStoreHome<br>Parameters: Nonfiction, Philosophy</td>
<td></td>
<td>5</td>
<td>ananthuProject.Test.BookStoreHome@740fb309</td></tr>
<tr>
<td title='ananthuProject.Test.BookStoreHome.goToCategory()'><b>goToCategory</b><br>Test class: ananthuProject.Test.BookStoreHome<br>Parameters: Nonfiction, Award Winners</td>
<td></td>
<td>4</td>
<td>ananthuProject.Test.BookStoreHome@740fb309</td></tr>
<tr>
<td title='ananthuProject.Test.BookStoreHome.goToCategory()'><b>goToCategory</b><br>Test class: ananthuProject.Test.BookStoreHome<br>Parameters: Nonfiction, New Arrivals</td>
<td></td>
<td>3</td>
<td>ananthuProject.Test.BookStoreHome@740fb309</td></tr>
</table><p>
</body>
</html>