<?xml version="1.0" encoding="UTF-8"?>
<!-- Generated by org.testng.reporters.JUnitXMLReporter -->
<testsuite ignored="0" hostname="LAPTOP-JFKQL1HG" failures="3" tests="29" name="Test" time="509.566" errors="0" timestamp="2025-02-07T22:17:00 EST">
  <testcase classname="ananthuProject.Test.BookStoreHome" name="checkFooterLinks" time="56.518"/>
  <testcase classname="ananthuProject.Test.BookStoreHome" name="goToCategory" time="16.749"/>
  <testcase classname="ananthuProject.Test.BookStoreHome" name="goToCategory" time="12.614"/>
  <testcase classname="ananthuProject.Test.BookStoreHome" name="goToCategory" time="7.449"/>
  <testcase classname="ananthuProject.Test.BookStoreHome" name="goToCategory" time="7.558"/>
  <testcase classname="ananthuProject.Test.BookStoreHome" name="goToCategory" time="6.639"/>
  <testcase classname="ananthuProject.Test.BookStoreHome" name="goToCategory" time="8.694"/>
  <testcase classname="ananthuProject.Test.BookStoreHome" name="goToCategory" time="9.05"/>
  <testcase classname="ananthuProject.Test.BookStoreHome" name="goToCategory" time="8.639"/>
  <testcase classname="ananthuProject.Test.BookStoreHome" name="goToCategory" time="7.308"/>
  <testcase classname="ananthuProject.Test.BookStoreHome" name="goToCategory" time="6.362"/>
  <testcase classname="ananthuProject.Test.BookStoreHome" name="goToCategory" time="4.499"/>
  <testcase classname="ananthuProject.Test.BookStoreHome" name="goToCategory" time="5.099"/>
  <testcase classname="ananthuProject.Test.BookStoreHome" name="goToCategory" time="4.736">
    <failure type="org.openqa.selenium.StaleElementReferenceException" message="stale element reference: stale element not found
  (Session info: chrome=114.0.5735.110)
For documentation on this error, please visit: https://www.selenium.dev/documentation/webdriver/troubleshooting/errors#stale-element-reference-exception
Build info: version: &amp;apos;4.27.0&amp;apos;, revision: &amp;apos;d6e718d134&amp;apos;
System info: os.name: &amp;apos;Windows 11&amp;apos;, os.arch: &amp;apos;amd64&amp;apos;, os.version: &amp;apos;10.0&amp;apos;, java.version: &amp;apos;21.0.4&amp;apos;
Driver info: org.openqa.selenium.chrome.ChromeDriver
Command: [ce780e2ad34209725823dfb4e3639927, getElementText {id=1412D5F735AFFF596A6782B3E9B0B25D_element_149}]
Capabilities {acceptInsecureCerts: false, browserName: chrome, browserVersion: 114.0.5735.110, chrome: {chromedriverVersion: 114.0.5735.90 (386bc09e8f4f..., userDataDir: C:\Users\gopik\AppData\Loca...}, goog:chromeOptions: {debuggerAddress: localhost:8263}, networkConnectionEnabled: false, pageLoadStrategy: normal, platformName: windows, proxy: Proxy(), se:cdp: ws://localhost:8263/devtool..., se:cdpVersion: 114.0.5735.110, setWindowRect: true, strictFileInteractability: false, timeouts: {implicit: 0, pageLoad: 300000, script: 30000}, unhandledPromptBehavior: dismiss and notify, webauthn:extension:credBlob: true, webauthn:extension:largeBlob: true, webauthn:extension:minPinLength: true, webauthn:extension:prf: true, webauthn:virtualAuthenticators: true}
Element: [[ChromeDriver: chrome on windows (ce780e2ad34209725823dfb4e3639927)] -&amp;gt; xpath: //div[@class=&amp;apos;builder-blocks css-h47494&amp;apos;]/div/a]
Session ID: ce780e2ad34209725823dfb4e3639927">
      <![CDATA[org.openqa.selenium.StaleElementReferenceException: stale element reference: stale element not found
  (Session info: chrome=114.0.5735.110)
For documentation on this error, please visit: https://www.selenium.dev/documentation/webdriver/troubleshooting/errors#stale-element-reference-exception
Build info: version: '4.27.0', revision: 'd6e718d134'
System info: os.name: 'Windows 11', os.arch: 'amd64', os.version: '10.0', java.version: '21.0.4'
Driver info: org.openqa.selenium.chrome.ChromeDriver
Command: [ce780e2ad34209725823dfb4e3639927, getElementText {id=1412D5F735AFFF596A6782B3E9B0B25D_element_149}]
Capabilities {acceptInsecureCerts: false, browserName: chrome, browserVersion: 114.0.5735.110, chrome: {chromedriverVersion: 114.0.5735.90 (386bc09e8f4f..., userDataDir: C:\Users\gopik\AppData\Loca...}, goog:chromeOptions: {debuggerAddress: localhost:8263}, networkConnectionEnabled: false, pageLoadStrategy: normal, platformName: windows, proxy: Proxy(), se:cdp: ws://localhost:8263/devtool..., se:cdpVersion: 114.0.5735.110, setWindowRect: true, strictFileInteractability: false, timeouts: {implicit: 0, pageLoad: 300000, script: 30000}, unhandledPromptBehavior: dismiss and notify, webauthn:extension:credBlob: true, webauthn:extension:largeBlob: true, webauthn:extension:minPinLength: true, webauthn:extension:prf: true, webauthn:virtualAuthenticators: true}
Element: [[ChromeDriver: chrome on windows (ce780e2ad34209725823dfb4e3639927)] -> xpath: //div[@class='builder-blocks css-h47494']/div/a]
Session ID: ce780e2ad34209725823dfb4e3639927
at org.openqa.selenium.remote.ErrorCodec.decode(ErrorCodec.java:167)
at org.openqa.selenium.remote.codec.w3c.W3CHttpResponseCodec.decode(W3CHttpResponseCodec.java:138)
at org.openqa.selenium.remote.codec.w3c.W3CHttpResponseCodec.decode(W3CHttpResponseCodec.java:50)
at org.openqa.selenium.remote.HttpCommandExecutor.execute(HttpCommandExecutor.java:190)
at org.openqa.selenium.remote.service.DriverCommandExecutor.invokeExecute(DriverCommandExecutor.java:216)
at org.openqa.selenium.remote.service.DriverCommandExecutor.execute(DriverCommandExecutor.java:174)
at org.openqa.selenium.remote.RemoteWebDriver.execute(RemoteWebDriver.java:545)
at org.openqa.selenium.remote.RemoteWebElement.execute(RemoteWebElement.java:223)
at org.openqa.selenium.remote.RemoteWebElement.getText(RemoteWebElement.java:191)
at ananthuProject.PageObjects.SelectCategory.lambda$0(SelectCategory.java:42)
at java.base/java.util.stream.ReferencePipeline$2$1.accept(ReferencePipeline.java:178)
at java.base/java.util.ArrayList$ArrayListSpliterator.tryAdvance(ArrayList.java:1685)
at java.base/java.util.stream.ReferencePipeline.forEachWithCancel(ReferencePipeline.java:129)
at java.base/java.util.stream.AbstractPipeline.copyIntoWithCancel(AbstractPipeline.java:527)
at java.base/java.util.stream.AbstractPipeline.copyInto(AbstractPipeline.java:513)
at java.base/java.util.stream.AbstractPipeline.wrapAndCopyInto(AbstractPipeline.java:499)
at java.base/java.util.stream.FindOps$FindOp.evaluateSequential(FindOps.java:150)
at java.base/java.util.stream.AbstractPipeline.evaluate(AbstractPipeline.java:234)
at java.base/java.util.stream.ReferencePipeline.findFirst(ReferencePipeline.java:647)
at ananthuProject.PageObjects.SelectCategory.SelectSubCat(SelectCategory.java:42)
at ananthuProject.Test.BookStoreHome.goToCategory(BookStoreHome.java:52)
at java.base/java.util.ArrayList.forEach(ArrayList.java:1596)
... Removed 28 stack frames]]>
    </failure>
  </testcase> <!-- goToCategory -->
  <testcase classname="ananthuProject.Test.BookStoreHome" name="goToCategory" time="7.73"/>
  <testcase classname="ananthuProject.Test.BookStoreHome" name="goToCategory" time="10.239"/>
  <testcase classname="ananthuProject.Test.BookStoreHome" name="goToCategory" time="7.222"/>
  <testcase classname="ananthuProject.Test.BookStoreHome" name="goToCategory" time="7.09"/>
  <testcase classname="ananthuProject.Test.BookStoreHome" name="goToCategory" time="7.273"/>
  <testcase classname="ananthuProject.Test.BookStoreHome" name="goToCategory" time="5.425"/>
  <testcase classname="ananthuProject.Test.BookStoreHome" name="goToCategory" time="11.3">
    <failure type="java.lang.NullPointerException" message="Cannot invoke &amp;quot;org.openqa.selenium.WebElement.click()&amp;quot; because &amp;quot;selectSubCategory&amp;quot; is null">
      <![CDATA[java.lang.NullPointerException: Cannot invoke "org.openqa.selenium.WebElement.click()" because "selectSubCategory" is null
at ananthuProject.PageObjects.SelectCategory.SelectSubCat(SelectCategory.java:52)
at ananthuProject.Test.BookStoreHome.goToCategory(BookStoreHome.java:52)
at java.base/java.util.ArrayList.forEach(ArrayList.java:1596)
... Removed 25 stack frames]]>
    </failure>
  </testcase> <!-- goToCategory -->
  <testcase classname="ananthuProject.Test.BookStoreHome" name="goToCategory" time="5.315"/>
  <testcase classname="ananthuProject.Test.BookStoreHome" name="goToCategory" time="9.846"/>
  <testcase classname="ananthuProject.Test.BookStoreHome" name="goToCategory" time="5.892"/>
  <testcase classname="ananthuProject.Test.BookStoreHome" name="goToCategory" time="5.312"/>
  <testcase classname="ananthuProject.Test.BookStoreHome" name="goToCategory" time="5.564"/>
  <testcase classname="ananthuProject.Test.BookStoreHome" name="goToCategory" time="9.975"/>
  <testcase classname="ananthuProject.Test.E2EActionsStandAlone" name="addToCart" time="20.68">
    <failure type="org.openqa.selenium.NoSuchElementException" message="no such element: Unable to locate element: {&amp;quot;method&amp;quot;:&amp;quot;xpath&amp;quot;,&amp;quot;selector&amp;quot;:&amp;quot;//a[@class=&amp;apos;MuiButtonBase-root MuiButton-root MuiButton-contained jss7369 MuiButton-colorInherit MuiButton-disableElevation MuiButton-fullWidth&amp;apos;]//span[@class=&amp;apos;MuiButton-label&amp;apos;][normalize-space()=&amp;apos;Proceed To Checkout&amp;apos;]&amp;quot;}
  (Session info: chrome=114.0.5735.110)
For documentation on this error, please visit: https://www.selenium.dev/documentation/webdriver/troubleshooting/errors#no-such-element-exception
Build info: version: &amp;apos;4.27.0&amp;apos;, revision: &amp;apos;d6e718d134&amp;apos;
System info: os.name: &amp;apos;Windows 11&amp;apos;, os.arch: &amp;apos;amd64&amp;apos;, os.version: &amp;apos;10.0&amp;apos;, java.version: &amp;apos;21.0.4&amp;apos;
Driver info: org.openqa.selenium.chrome.ChromeDriver
Command: [33871dd3bd835157ae25ab2e3ca5ef6f, findElement {using=xpath, value=//a[@class=&amp;apos;MuiButtonBase-root MuiButton-root MuiButton-contained jss7369 MuiButton-colorInherit MuiButton-disableElevation MuiButton-fullWidth&amp;apos;]//span[@class=&amp;apos;MuiButton-label&amp;apos;][normalize-space()=&amp;apos;Proceed To Checkout&amp;apos;]}]
Capabilities {acceptInsecureCerts: false, browserName: chrome, browserVersion: 114.0.5735.110, chrome: {chromedriverVersion: 114.0.5735.90 (386bc09e8f4f..., userDataDir: C:\Users\gopik\AppData\Loca...}, goog:chromeOptions: {debuggerAddress: localhost:9336}, networkConnectionEnabled: false, pageLoadStrategy: normal, platformName: windows, proxy: Proxy(), se:cdp: ws://localhost:9336/devtool..., se:cdpVersion: 114.0.5735.110, setWindowRect: true, strictFileInteractability: false, timeouts: {implicit: 0, pageLoad: 300000, script: 30000}, unhandledPromptBehavior: dismiss and notify, webauthn:extension:credBlob: true, webauthn:extension:largeBlob: true, webauthn:extension:minPinLength: true, webauthn:extension:prf: true, webauthn:virtualAuthenticators: true}
Session ID: 33871dd3bd835157ae25ab2e3ca5ef6f">
      <![CDATA[org.openqa.selenium.NoSuchElementException: no such element: Unable to locate element: {"method":"xpath","selector":"//a[@class='MuiButtonBase-root MuiButton-root MuiButton-contained jss7369 MuiButton-colorInherit MuiButton-disableElevation MuiButton-fullWidth']//span[@class='MuiButton-label'][normalize-space()='Proceed To Checkout']"}
  (Session info: chrome=114.0.5735.110)
For documentation on this error, please visit: https://www.selenium.dev/documentation/webdriver/troubleshooting/errors#no-such-element-exception
Build info: version: '4.27.0', revision: 'd6e718d134'
System info: os.name: 'Windows 11', os.arch: 'amd64', os.version: '10.0', java.version: '21.0.4'
Driver info: org.openqa.selenium.chrome.ChromeDriver
Command: [33871dd3bd835157ae25ab2e3ca5ef6f, findElement {using=xpath, value=//a[@class='MuiButtonBase-root MuiButton-root MuiButton-contained jss7369 MuiButton-colorInherit MuiButton-disableElevation MuiButton-fullWidth']//span[@class='MuiButton-label'][normalize-space()='Proceed To Checkout']}]
Capabilities {acceptInsecureCerts: false, browserName: chrome, browserVersion: 114.0.5735.110, chrome: {chromedriverVersion: 114.0.5735.90 (386bc09e8f4f..., userDataDir: C:\Users\gopik\AppData\Loca...}, goog:chromeOptions: {debuggerAddress: localhost:9336}, networkConnectionEnabled: false, pageLoadStrategy: normal, platformName: windows, proxy: Proxy(), se:cdp: ws://localhost:9336/devtool..., se:cdpVersion: 114.0.5735.110, setWindowRect: true, strictFileInteractability: false, timeouts: {implicit: 0, pageLoad: 300000, script: 30000}, unhandledPromptBehavior: dismiss and notify, webauthn:extension:credBlob: true, webauthn:extension:largeBlob: true, webauthn:extension:minPinLength: true, webauthn:extension:prf: true, webauthn:virtualAuthenticators: true}
Session ID: 33871dd3bd835157ae25ab2e3ca5ef6f
at org.openqa.selenium.remote.ErrorCodec.decode(ErrorCodec.java:167)
at org.openqa.selenium.remote.codec.w3c.W3CHttpResponseCodec.decode(W3CHttpResponseCodec.java:138)
at org.openqa.selenium.remote.codec.w3c.W3CHttpResponseCodec.decode(W3CHttpResponseCodec.java:50)
at org.openqa.selenium.remote.HttpCommandExecutor.execute(HttpCommandExecutor.java:190)
at org.openqa.selenium.remote.service.DriverCommandExecutor.invokeExecute(DriverCommandExecutor.java:216)
at org.openqa.selenium.remote.service.DriverCommandExecutor.execute(DriverCommandExecutor.java:174)
at org.openqa.selenium.remote.RemoteWebDriver.execute(RemoteWebDriver.java:545)
at org.openqa.selenium.remote.ElementLocation$ElementFinder$2.findElement(ElementLocation.java:165)
at org.openqa.selenium.remote.ElementLocation.findElement(ElementLocation.java:59)
at org.openqa.selenium.remote.RemoteWebDriver.findElement(RemoteWebDriver.java:368)
at org.openqa.selenium.remote.RemoteWebDriver.findElement(RemoteWebDriver.java:362)
at org.openqa.selenium.support.pagefactory.DefaultElementLocator.findElement(DefaultElementLocator.java:68)
at org.openqa.selenium.support.pagefactory.internal.LocatingElementHandler.invoke(LocatingElementHandler.java:38)
at jdk.proxy2/jdk.proxy2.$Proxy17.click(Unknown Source)
at ananthuProject.PageObjects.ShoppingCartPage.proceedToCheckOut(ShoppingCartPage.java:34)
at ananthuProject.Test.E2EActionsStandAlone.addToCart(E2EActionsStandAlone.java:25)
at java.base/java.util.ArrayList.forEach(ArrayList.java:1596)
... Removed 28 stack frames]]>
    </failure>
  </testcase> <!-- addToCart -->
  <testcase classname="ananthuProject.Test.E2EActionsStandAlone" name="buyTheBook" time="0.0">
    <skipped/>
  </testcase> <!-- buyTheBook -->
</testsuite> <!-- Test -->
