<?xml version="1.0" encoding="UTF-8"?>
<!-- Generated by org.testng.reporters.JUnitXMLReporter -->
<testsuite ignored="0" hostname="LAPTOP-JFKQL1HG" failures="1" tests="28" name="Test" time="628.576" errors="0" timestamp="2025-02-08T12:29:20 EST">
  <testcase classname="ananthuProject.Test.BookStoreHome" name="checkFooterLinks" time="125.044"/>
  <testcase classname="ananthuProject.Test.BookStoreHome" name="goToCategory" time="15.062"/>
  <testcase classname="ananthuProject.Test.BookStoreHome" name="goToCategory" time="10.404"/>
  <testcase classname="ananthuProject.Test.BookStoreHome" name="goToCategory" time="9.415"/>
  <testcase classname="ananthuProject.Test.BookStoreHome" name="goToCategory" time="5.296"/>
  <testcase classname="ananthuProject.Test.BookStoreHome" name="goToCategory" time="4.795"/>
  <testcase classname="ananthuProject.Test.BookStoreHome" name="goToCategory" time="10.029"/>
  <testcase classname="ananthuProject.Test.BookStoreHome" name="goToCategory" time="8.178"/>
  <testcase classname="ananthuProject.Test.BookStoreHome" name="goToCategory" time="6.686"/>
  <testcase classname="ananthuProject.Test.BookStoreHome" name="goToCategory" time="7.621"/>
  <testcase classname="ananthuProject.Test.BookStoreHome" name="goToCategory" time="7.413"/>
  <testcase classname="ananthuProject.Test.BookStoreHome" name="goToCategory" time="6.185"/>
  <testcase classname="ananthuProject.Test.BookStoreHome" name="goToCategory" time="12.395"/>
  <testcase classname="ananthuProject.Test.BookStoreHome" name="goToCategory" time="13.641"/>
  <testcase classname="ananthuProject.Test.BookStoreHome" name="goToCategory" time="9.335"/>
  <testcase classname="ananthuProject.Test.BookStoreHome" name="goToCategory" time="6.951"/>
  <testcase classname="ananthuProject.Test.BookStoreHome" name="goToCategory" time="5.03"/>
  <testcase classname="ananthuProject.Test.BookStoreHome" name="goToCategory" time="6.523"/>
  <testcase classname="ananthuProject.Test.BookStoreHome" name="goToCategory" time="9.919"/>
  <testcase classname="ananthuProject.Test.BookStoreHome" name="goToCategory" time="7.887"/>
  <testcase classname="ananthuProject.Test.BookStoreHome" name="goToCategory" time="9.673"/>
  <testcase classname="ananthuProject.Test.BookStoreHome" name="goToCategory" time="7.638"/>
  <testcase classname="ananthuProject.Test.BookStoreHome" name="goToCategory" time="4.845"/>
  <testcase classname="ananthuProject.Test.BookStoreHome" name="goToCategory" time="7.565"/>
  <testcase classname="ananthuProject.Test.BookStoreHome" name="goToCategory" time="6.523"/>
  <testcase classname="ananthuProject.Test.BookStoreHome" name="goToCategory" time="6.456"/>
  <testcase classname="ananthuProject.Test.BookStoreHome" name="goToCategory" time="9.958"/>
  <testcase classname="ananthuProject.Test.E2EActionsStandAlone" name="addToCart" time="22.329">
    <failure type="org.openqa.selenium.ElementNotInteractableException" message="element not interactable
  (Session info: chrome=114.0.5735.110)
Build info: version: &amp;apos;4.27.0&amp;apos;, revision: &amp;apos;d6e718d134&amp;apos;
System info: os.name: &amp;apos;Windows 11&amp;apos;, os.arch: &amp;apos;amd64&amp;apos;, os.version: &amp;apos;10.0&amp;apos;, java.version: &amp;apos;23&amp;apos;
Driver info: org.openqa.selenium.chrome.ChromeDriver
Command: [819e15f0ed14a27347629b497adcb87a, clickElement {id=1D174C2AD5A96B7A9A63EE66364F89FC_element_283}]
Capabilities {acceptInsecureCerts: false, browserName: chrome, browserVersion: 114.0.5735.110, chrome: {chromedriverVersion: 114.0.5735.90 (386bc09e8f4f..., userDataDir: C:\Users\gopik\AppData\Loca...}, goog:chromeOptions: {debuggerAddress: localhost:2889}, networkConnectionEnabled: false, pageLoadStrategy: normal, platformName: windows, proxy: Proxy(), se:cdp: ws://localhost:2889/devtool..., se:cdpVersion: 114.0.5735.110, setWindowRect: true, strictFileInteractability: false, timeouts: {implicit: 0, pageLoad: 300000, script: 30000}, unhandledPromptBehavior: dismiss and notify, webauthn:extension:credBlob: true, webauthn:extension:largeBlob: true, webauthn:extension:minPinLength: true, webauthn:extension:prf: true, webauthn:virtualAuthenticators: true}
Element: [[ChromeDriver: chrome on windows (819e15f0ed14a27347629b497adcb87a)] -&amp;gt; css selector: a[aria-label=&amp;apos;proceed to checkout&amp;apos;]]
Session ID: 819e15f0ed14a27347629b497adcb87a">
      <![CDATA[org.openqa.selenium.ElementNotInteractableException: element not interactable
  (Session info: chrome=114.0.5735.110)
Build info: version: '4.27.0', revision: 'd6e718d134'
System info: os.name: 'Windows 11', os.arch: 'amd64', os.version: '10.0', java.version: '23'
Driver info: org.openqa.selenium.chrome.ChromeDriver
Command: [819e15f0ed14a27347629b497adcb87a, clickElement {id=1D174C2AD5A96B7A9A63EE66364F89FC_element_283}]
Capabilities {acceptInsecureCerts: false, browserName: chrome, browserVersion: 114.0.5735.110, chrome: {chromedriverVersion: 114.0.5735.90 (386bc09e8f4f..., userDataDir: C:\Users\gopik\AppData\Loca...}, goog:chromeOptions: {debuggerAddress: localhost:2889}, networkConnectionEnabled: false, pageLoadStrategy: normal, platformName: windows, proxy: Proxy(), se:cdp: ws://localhost:2889/devtool..., se:cdpVersion: 114.0.5735.110, setWindowRect: true, strictFileInteractability: false, timeouts: {implicit: 0, pageLoad: 300000, script: 30000}, unhandledPromptBehavior: dismiss and notify, webauthn:extension:credBlob: true, webauthn:extension:largeBlob: true, webauthn:extension:minPinLength: true, webauthn:extension:prf: true, webauthn:virtualAuthenticators: true}
Element: [[ChromeDriver: chrome on windows (819e15f0ed14a27347629b497adcb87a)] -> css selector: a[aria-label='proceed to checkout']]
Session ID: 819e15f0ed14a27347629b497adcb87a
at org.openqa.selenium.remote.ErrorCodec.decode(ErrorCodec.java:167)
at org.openqa.selenium.remote.codec.w3c.W3CHttpResponseCodec.decode(W3CHttpResponseCodec.java:138)
at org.openqa.selenium.remote.codec.w3c.W3CHttpResponseCodec.decode(W3CHttpResponseCodec.java:50)
at org.openqa.selenium.remote.HttpCommandExecutor.execute(HttpCommandExecutor.java:190)
at org.openqa.selenium.remote.service.DriverCommandExecutor.invokeExecute(DriverCommandExecutor.java:216)
at org.openqa.selenium.remote.service.DriverCommandExecutor.execute(DriverCommandExecutor.java:174)
at org.openqa.selenium.remote.RemoteWebDriver.execute(RemoteWebDriver.java:545)
at org.openqa.selenium.remote.RemoteWebElement.execute(RemoteWebElement.java:223)
at org.openqa.selenium.remote.RemoteWebElement.click(RemoteWebElement.java:76)
at org.openqa.selenium.support.pagefactory.internal.LocatingElementHandler.invoke(LocatingElementHandler.java:51)
at jdk.proxy2/jdk.proxy2.$Proxy14.click(Unknown Source)
at ananthuProject.PageObjects.ShoppingCartPage.proceedToCheckOut(ShoppingCartPage.java:34)
at ananthuProject.Test.E2EActionsStandAlone.addToCart(E2EActionsStandAlone.java:26)
at java.base/java.util.ArrayList.forEach(ArrayList.java:1597)
... Removed 34 stack frames]]>
    </failure>
  </testcase> <!-- addToCart -->
</testsuite> <!-- Test -->
