<?xml version="1.0" encoding="UTF-8"?>
<!-- Generated by org.testng.reporters.JUnitReportReporter -->
<testsuite hostname="LAPTOP-JFKQL1HG" failures="0" tests="1" name="ananthuProject.Test.E2EActionsStandAlone" time="27.322" errors="1" timestamp="2025-02-09T18:20:20 EST" skipped="0">
  <testcase classname="ananthuProject.Test.E2EActionsStandAlone" name="addToCart" time="27.322">
    <error message="element click intercepted: Element &lt;p class=&quot;MuiTypography-root jss585 MuiTypography-body1&quot; style=&quot;overflow-wrap: break-word;&quot;&gt;...&lt;/p&gt; is not clickable at point (815, 660). Other element would receive the click: &lt;button class=&quot;needsclick go300628013 kl-private-reset-css-Xuajs1&quot; type=&quot;button&quot; tabindex=&quot;0&quot; style=&quot;background: rgba(48, 59, 67, 0); border-radius: 2px; border-style: none; border-color: rgb(0, 0, 0); border-width: 0px; color: rgb(74, 79, 84); font-family: Mulish, Helvetica, Arial, sans-serif; font-size: 14px; font-weight: 400; letter-spacing: 0px; line-height: 1; font-style: normal; white-space: normal; padding-top: 11px; padding-bottom: 11px; text-align: center; word-break: break-word; align-self: flex-end; cursor: pointer; pointer-events: auto; height: auto; width: 100%;&quot;&gt;...&lt;/button&gt;
  (Session info: chrome=114.0.5735.110)
Build info: version: &#039;4.27.0&#039;, revision: &#039;d6e718d134&#039;
System info: os.name: &#039;Windows 11&#039;, os.arch: &#039;amd64&#039;, os.version: &#039;10.0&#039;, java.version: &#039;21.0.6&#039;
Driver info: org.openqa.selenium.chrome.ChromeDriver
Command: [01bf56ca5cc3fef3b76fb40c0fc751e4, clickElement {id=7B97D110D363EC648C5BE0163D76EFBA_element_216}]
Capabilities {acceptInsecureCerts: false, browserName: chrome, browserVersion: 114.0.5735.110, chrome: {chromedriverVersion: 114.0.5735.90 (386bc09e8f4f..., userDataDir: C:\Users\gopik\AppData\Loca...}, goog:chromeOptions: {debuggerAddress: localhost:12529}, networkConnectionEnabled: false, pageLoadStrategy: normal, platformName: windows, proxy: Proxy(), se:cdp: ws://localhost:12529/devtoo..., se:cdpVersion: 114.0.5735.110, setWindowRect: true, strictFileInteractability: false, timeouts: {implicit: 0, pageLoad: 300000, script: 30000}, unhandledPromptBehavior: dismiss and notify, webauthn:extension:credBlob: true, webauthn:extension:largeBlob: true, webauthn:extension:minPinLength: true, webauthn:extension:prf: true, webauthn:virtualAuthenticators: true}
Element: [[ChromeDriver: chrome on windows (01bf56ca5cc3fef3b76fb40c0fc751e4)] -&gt; xpath: //div[@class=&#039;MuiGrid-root MuiGrid-item MuiGrid-grid-xs-true&#039;]/div/p]
Session ID: 01bf56ca5cc3fef3b76fb40c0fc751e4" type="org.openqa.selenium.ElementClickInterceptedException">
      <![CDATA[org.openqa.selenium.ElementClickInterceptedException: element click intercepted: Element <p class="MuiTypography-root jss585 MuiTypography-body1" style="overflow-wrap: break-word;">...</p> is not clickable at point (815, 660). Other element would receive the click: <button class="needsclick go300628013 kl-private-reset-css-Xuajs1" type="button" tabindex="0" style="background: rgba(48, 59, 67, 0); border-radius: 2px; border-style: none; border-color: rgb(0, 0, 0); border-width: 0px; color: rgb(74, 79, 84); font-family: Mulish, Helvetica, Arial, sans-serif; font-size: 14px; font-weight: 400; letter-spacing: 0px; line-height: 1; font-style: normal; white-space: normal; padding-top: 11px; padding-bottom: 11px; text-align: center; word-break: break-word; align-self: flex-end; cursor: pointer; pointer-events: auto; height: auto; width: 100%;">...</button>
  (Session info: chrome=114.0.5735.110)
Build info: version: '4.27.0', revision: 'd6e718d134'
System info: os.name: 'Windows 11', os.arch: 'amd64', os.version: '10.0', java.version: '21.0.6'
Driver info: org.openqa.selenium.chrome.ChromeDriver
Command: [01bf56ca5cc3fef3b76fb40c0fc751e4, clickElement {id=7B97D110D363EC648C5BE0163D76EFBA_element_216}]
Capabilities {acceptInsecureCerts: false, browserName: chrome, browserVersion: 114.0.5735.110, chrome: {chromedriverVersion: 114.0.5735.90 (386bc09e8f4f..., userDataDir: C:\Users\gopik\AppData\Loca...}, goog:chromeOptions: {debuggerAddress: localhost:12529}, networkConnectionEnabled: false, pageLoadStrategy: normal, platformName: windows, proxy: Proxy(), se:cdp: ws://localhost:12529/devtoo..., se:cdpVersion: 114.0.5735.110, setWindowRect: true, strictFileInteractability: false, timeouts: {implicit: 0, pageLoad: 300000, script: 30000}, unhandledPromptBehavior: dismiss and notify, webauthn:extension:credBlob: true, webauthn:extension:largeBlob: true, webauthn:extension:minPinLength: true, webauthn:extension:prf: true, webauthn:virtualAuthenticators: true}
Element: [[ChromeDriver: chrome on windows (01bf56ca5cc3fef3b76fb40c0fc751e4)] -> xpath: //div[@class='MuiGrid-root MuiGrid-item MuiGrid-grid-xs-true']/div/p]
Session ID: 01bf56ca5cc3fef3b76fb40c0fc751e4
at java.base/jdk.internal.reflect.DirectConstructorHandleAccessor.newInstance(DirectConstructorHandleAccessor.java:62)
at java.base/java.lang.reflect.Constructor.newInstanceWithCaller(Constructor.java:502)
at java.base/java.lang.reflect.Constructor.newInstance(Constructor.java:486)
at org.openqa.selenium.remote.ErrorCodec.decode(ErrorCodec.java:167)
at org.openqa.selenium.remote.codec.w3c.W3CHttpResponseCodec.decode(W3CHttpResponseCodec.java:138)
at org.openqa.selenium.remote.codec.w3c.W3CHttpResponseCodec.decode(W3CHttpResponseCodec.java:50)
at org.openqa.selenium.remote.HttpCommandExecutor.execute(HttpCommandExecutor.java:190)
at org.openqa.selenium.remote.service.DriverCommandExecutor.invokeExecute(DriverCommandExecutor.java:216)
at org.openqa.selenium.remote.service.DriverCommandExecutor.execute(DriverCommandExecutor.java:174)
at org.openqa.selenium.remote.RemoteWebDriver.execute(RemoteWebDriver.java:545)
at org.openqa.selenium.remote.RemoteWebElement.execute(RemoteWebElement.java:223)
at org.openqa.selenium.remote.RemoteWebElement.click(RemoteWebElement.java:76)
at ananthuProject.PageObjects.SelectCategory.selecttheBook(SelectCategory.java:82)
at ananthuProject.Test.E2EActionsStandAlone.addToCart(E2EActionsStandAlone.java:25)
at java.base/jdk.internal.reflect.DirectMethodHandleAccessor.invoke(DirectMethodHandleAccessor.java:103)
at java.base/java.lang.reflect.Method.invoke(Method.java:580)
at org.testng.internal.invokers.MethodInvocationHelper.invokeMethod(MethodInvocationHelper.java:141)
at org.testng.internal.invokers.TestInvoker.invokeMethod(TestInvoker.java:686)
at org.testng.internal.invokers.TestInvoker.invokeTestMethod(TestInvoker.java:230)
at org.testng.internal.invokers.MethodRunner.runInSequence(MethodRunner.java:63)
at org.testng.internal.invokers.TestInvoker$MethodInvocationAgent.invoke(TestInvoker.java:992)
at org.testng.internal.invokers.TestInvoker.invokeTestMethods(TestInvoker.java:203)
at org.testng.internal.invokers.TestMethodWorker.invokeTestMethods(TestMethodWorker.java:154)
at org.testng.internal.invokers.TestMethodWorker.run(TestMethodWorker.java:134)
at java.base/java.util.ArrayList.forEach(ArrayList.java:1596)
at org.testng.TestRunner.privateRun(TestRunner.java:739)
at org.testng.TestRunner.run(TestRunner.java:614)
at org.testng.SuiteRunner.runTest(SuiteRunner.java:421)
at org.testng.SuiteRunner$SuiteWorker.run(SuiteRunner.java:463)
at org.testng.internal.thread.ThreadUtil.lambda$execute$0(ThreadUtil.java:64)
at java.base/java.util.concurrent.FutureTask.run(FutureTask.java:317)
at java.base/java.util.concurrent.ThreadPoolExecutor.runWorker(ThreadPoolExecutor.java:1144)
at java.base/java.util.concurrent.ThreadPoolExecutor$Worker.run(ThreadPoolExecutor.java:642)
at java.base/java.lang.Thread.run(Thread.java:1583)
]]>
    </error>
  </testcase> <!-- addToCart -->
</testsuite> <!-- ananthuProject.Test.E2EActionsStandAlone -->
